xrun(64): 24.03-s007: (c) Copyright 1995-2024 Cadence Design Systems, Inc.
TOOL:	xrun(64)	24.03-s007: Started on Jul 29, 2025 at 14:33:29 EEST
xrun
	-sv
	partb6.sv
	partb6_tb.sv
Loading snapshot worklib.testbench:sv .................... Done
xcelium> source /usr/cadence/installs/xcelium/XCELIUM2403/tools/xcelium/files/xmsimrc
xcelium> run
Calculator object created
5.5 + 2.5 = 8.00
10.0 - 3.5 = 6.50
4.0 * 2.0 = 8.00
8.0 / 2.0 = 4.00
Division by zero error!
2^3 = 8
Simulation complete via $finish(1) at time 0 FS + 0
./partb6_tb.sv:28     $finish;
xcelium> exit
TOOL:	xrun(64)	24.03-s007: Exiting on Jul 29, 2025 at 14:33:29 EEST  (total: 00:00:00)
