xrun(64): 24.03-s007: (c) Copyright 1995-2024 Cadence Design Systems, Inc.
TOOL:	xrun(64)	24.03-s007: Started on Jul 29, 2025 at 14:27:49 EEST
xrun
	-sv
	parta6.sv
	parta6_tb.sv
file: parta6.sv
file: parta6_tb.sv
	module worklib.testbench:sv
		errors: 0, warnings: 0
		Caching library 'worklib' ....... Done
	Elaborating the design hierarchy:
	Top level design units:
		$unit_0x0619d695
		testbench
	Building instance overlay tables: .................... Done
	Generating native compiled code:
		worklib.testbench:sv <0x50d1e3e2>
			streams:   1, words:  4776
		worklib.\$unit_0x0619d695 :compilation_unit <0x5c30fde9>
			streams:  12, words:  4561
	Building instance specific data structures.
	Loading native compiled code:     .................... Done
	Design hierarchy summary:
		                    Instances  Unique
		Modules:                    1       1
		Registers:                 23      23
		Initial blocks:             1       1
		Compilation units:          1       1
		SV Class declarations:      1       1
		SV Class specializations:   1       1
	Writing initial simulation snapshot: worklib.testbench:sv
Loading snapshot worklib.testbench:sv .................... Done
xcelium> source /usr/cadence/installs/xcelium/XCELIUM2403/tools/xcelium/files/xmsimrc
xcelium> run
Calculator object created
5.5 + 2.5 = 8.00
10.0 - 3.5 = 6.50
4.0 * 2.0 = 8.00
8.0 / 2.0 = 4.00
Division by zero error!
2^3 = 8.00
Simulation complete via $finish(1) at time 0 FS + 0
./parta6_tb.sv:32     $finish;
xcelium> exit
TOOL:	xrun(64)	24.03-s007: Exiting on Jul 29, 2025 at 14:27:49 EEST  (total: 00:00:00)
